<?xml version="1.0" encoding="UTF-8"?>
<!-- Generated by org.testng.reporters.JUnitReportReporter -->
<testsuite hostname="LATITUDE" failures="0" tests="2" name="pack1.SeleniumCode" time="28.476" errors="0" timestamp="2025-05-03T09:49:00 IST" skipped="0">
  <testcase classname="pack1.SeleniumCode" name="testCase1" time="15.797"/>
  <testcase classname="pack1.SeleniumCode" name="testCase2" time="12.679"/>
</testsuite> <!-- pack1.SeleniumCode -->
