<?xml version="1.0" encoding="UTF-8"?>
<!-- Generated by org.testng.reporters.JUnitReportReporter -->
<testsuite hostname="LATITUDE" failures="0" tests="2" name="pack1.TestClass1" time="0.021" errors="0" timestamp="2025-04-27T10:39:14 IST" skipped="1">
  <testcase classname="pack1.TestClass1" name="TestCase2" time="0.021"/>
  <testcase classname="pack1.TestClass1" name="TestCase1">
    <skipped/>
  </testcase> <!-- TestCase1 -->
</testsuite> <!-- pack1.TestClass1 -->
