<?xml version="1.0" encoding="UTF-8"?>
<!-- Generated by org.testng.reporters.JUnitReportReporter -->
<testsuite hostname="LATITUDE" failures="0" tests="3" name="pack1.TestClass4" time="0.006" errors="0" timestamp="2025-05-03T11:06:58 IST" skipped="0">
  <testcase classname="pack1.TestClass4" name="TestCase6" time="0.003"/>
  <testcase classname="pack1.TestClass4" name="TestCase4" time="0.002"/>
  <testcase classname="pack1.TestClass4" name="TestCase5" time="0.001"/>
</testsuite> <!-- pack1.TestClass4 -->
