<?xml version="1.0" encoding="UTF-8"?>
<!-- Generated by org.testng.reporters.JUnitReportReporter -->
<testsuite hostname="LATITUDE" failures="0" tests="3" name="pack1.TestClass2" time="0.010" errors="0" timestamp="2025-04-27T10:57:51 IST" skipped="0">
  <testcase classname="pack1.TestClass2" name="TestCase2" time="0.003"/>
  <testcase classname="pack1.TestClass2" name="TestCase1" time="0.003"/>
  <testcase classname="pack1.TestClass2" name="TestCase3" time="0.004"/>
</testsuite> <!-- pack1.TestClass2 -->
