<?xml version="1.0" encoding="UTF-8"?>
<!-- Generated by org.testng.reporters.JUnitReportReporter -->
<testsuite hostname="LATITUDE" failures="0" tests="3" name="pack1.TestClass3" time="0.022" errors="0" timestamp="2025-04-27T10:57:51 IST" skipped="0">
  <testcase classname="pack1.TestClass3" name="TestCase4" time="0.019"/>
  <testcase classname="pack1.TestClass3" name="TestCase6" time="0.001"/>
  <testcase classname="pack1.TestClass3" name="TestCase5" time="0.002"/>
</testsuite> <!-- pack1.TestClass3 -->
