<?xml version="1.0" encoding="UTF-8"?>
<!-- Generated by org.testng.reporters.JUnitReportReporter -->
<testsuite hostname="LATITUDE" failures="0" tests="1" name="pack1.TestClass3" time="0.007" errors="0" timestamp="2025-05-03T10:54:31 IST" skipped="0">
  <testcase classname="pack1.TestClass3" name="TestCase6" time="0.007"/>
</testsuite> <!-- pack1.TestClass3 -->
