<?xml version="1.0" encoding="UTF-8"?>
<!-- Generated by org.testng.reporters.JUnitReportReporter -->
<testsuite hostname="LATITUDE" failures="0" tests="1" name="testSuites.ChangePasswordTestSuite" time="21.968" errors="0" timestamp="2025-05-24T11:03:51 IST" skipped="0">
  <testcase classname="testSuites.ChangePasswordTestSuite" name="tc_123_ChangePasswordTest" time="21.968"/>
</testsuite> <!-- testSuites.ChangePasswordTestSuite -->
