<?xml version="1.0" encoding="UTF-8"?>
<!-- Generated by org.testng.reporters.JUnitReportReporter -->
<testsuite hostname="LATITUDE" failures="0" tests="1" name="testSuites.ChangePasswordTestSuite" time="16.919" errors="0" timestamp="2025-05-25T10:04:49 IST" skipped="0">
  <testcase classname="testSuites.ChangePasswordTestSuite" name="tc_123_ChangePasswordTest" time="16.919"/>
</testsuite> <!-- testSuites.ChangePasswordTestSuite -->
