<?xml version="1.0" encoding="UTF-8"?>
<!-- Generated by org.testng.reporters.JUnitReportReporter -->
<testsuite hostname="LATITUDE" failures="0" tests="1" name="testSuites.LoginTestSuite" time="3.887" errors="0" timestamp="2025-05-04T11:16:57 IST" skipped="0">
  <testcase classname="testSuites.LoginTestSuite" name="tc123_LoginTest" time="3.887"/>
</testsuite> <!-- testSuites.LoginTestSuite -->
