<?xml version="1.0" encoding="UTF-8"?>
<!-- Generated by org.testng.reporters.JUnitReportReporter -->
<testsuite hostname="LATITUDE" failures="0" tests="1" name="testSuites.LoginTestSuite" time="3.545" errors="0" timestamp="2025-05-18T09:15:59 IST" skipped="0">
  <testcase classname="testSuites.LoginTestSuite" name="tc123_LoginTest" time="3.545"/>
</testsuite> <!-- testSuites.LoginTestSuite -->
